<?xml version="1.0" encoding="UTF-8"?>
<testng-results skipped="0" failed="0" total="1" passed="1">
  <reporter-output>
  </reporter-output>
  <suite name="TestHelloWorld" duration-ms="16" started-at="2019-02-11T10:49:37Z" finished-at="2019-02-11T10:49:37Z">
    <groups>
    </groups>
    <test name="TestNG tests" duration-ms="16" started-at="2019-02-11T10:49:37Z" finished-at="2019-02-11T10:49:37Z">
      <class name="ddd.SomeThign">
        <test-method status="PASS" signature="someDdddd()[pri:0, instance:ddd.SomeThign@26a7b76d]" name="someDdddd" duration-ms="0" started-at="2019-02-11T05:49:37Z" finished-at="2019-02-11T05:49:37Z">
          <reporter-output>
          </reporter-output>
        </test-method> <!-- someDdddd -->
      </class> <!-- ddd.SomeThign -->
    </test> <!-- TestNG tests -->
  </suite> <!-- TestHelloWorld -->
</testng-results>
